(2021-02-25 00:53:59,733) INFO  [main] [experimenter.main:330] - Elapsed time: 0/1200. Conducting next experiment. Currently used memory is 4007.962028503418MB. Free memory is 88.03797149658203MB.
(2021-02-25 00:53:59,944) INFO  [main] [runner.randomlyConductExperiments:77] - Starting to run up to 1 experiments.
(2021-02-25 00:53:59,946) INFO  [main] [adapter.getResultsOfQuery:290] - Conducting query SELECT * FROM (SELECT `experiment_id`, `memory_max`, `cpus`, openmlid, seed, algorithm FROM  `icml2021` WHERE time_started IS NULL LIMIT 100) as t ORDER BY RAND() LIMIT 1 with values []
(2021-02-25 00:53:59,953) INFO  [main] [runner.randomlyConductExperiments:100] - Conduct experiment #1 with key values: {openmlid=61, seed=1, algorithm=auto-weka}. Memory statistics: 124MB allocated, 80MB free.
(2021-02-25 00:54:00,146) INFO  [Thread of experiment id 1] [experimenter.evaluate:108] - Applying approach to dataset with dimensions 150 x 4
(2021-02-25 00:54:00,424) INFO  [Thread of experiment id 1] [experimenter.evaluate:114] - Instances admitted for training: 135
(2021-02-25 00:54:00,610) ERROR [Thread of experiment id 1] [runner.conductExperiment:233] - Experiment failed due to java.lang.RuntimeException. Message: Failed to prepare the experiment. Detail info: 
	Error class: java.lang.RuntimeException
	Error message: Failed to prepare the experiment
	Error trace:
		autoweka.smac.SMACExperimentConstructor.prepareExperiment(SMACExperimentConstructor.java:46)
		autoweka.ExperimentConstructor.run(ExperimentConstructor.java:238)
		autoweka.ExperimentConstructor.buildSingle(ExperimentConstructor.java:158)
		weka.classifiers.meta.AutoWEKAClassifier.buildClassifier(AutoWEKAClassifier.java:336)
		naiveautoml.autoweka.AutoWEKAClassifierWrapper.buildClassifier(AutoWEKAClassifierWrapper.java:45)
		naiveautoml.experiments.NaiveAutoMLExperimentRunner.evaluate(NaiveAutoMLExperimentRunner.java:210)
		ai.libs.jaicore.experiments.ExperimentRunner.conductExperiment(ExperimentRunner.java:217)
		ai.libs.jaicore.experiments.ExperimentRunner.lambda$randomlyConductExperiments$0(ExperimentRunner.java:104)
		java.base/java.lang.Thread.run(Thread.java:834)
	Caused by java.lang.RuntimeException with message Couldn't find any attribute eval methods. Stack trace of the cause:
		autoweka.ExperimentConstructor.generateAlgorithmParameterConditionalGroupForDAG(ExperimentConstructor.java:390)
		autoweka.smac.SMACExperimentConstructor.printParamFile(SMACExperimentConstructor.java:258)
		autoweka.smac.SMACExperimentConstructor.prepareExperiment(SMACExperimentConstructor.java:31)
		autoweka.ExperimentConstructor.run(ExperimentConstructor.java:238)
		autoweka.ExperimentConstructor.buildSingle(ExperimentConstructor.java:158)
		weka.classifiers.meta.AutoWEKAClassifier.buildClassifier(AutoWEKAClassifier.java:336)
		naiveautoml.autoweka.AutoWEKAClassifierWrapper.buildClassifier(AutoWEKAClassifierWrapper.java:45)
		naiveautoml.experiments.NaiveAutoMLExperimentRunner.evaluate(NaiveAutoMLExperimentRunner.java:210)
		ai.libs.jaicore.experiments.ExperimentRunner.conductExperiment(ExperimentRunner.java:217)
		ai.libs.jaicore.experiments.ExperimentRunner.lambda$randomlyConductExperiments$0(ExperimentRunner.java:104)
		java.base/java.lang.Thread.run(Thread.java:834)
(2021-02-25 00:54:00,620) INFO  [main] [runner.randomlyConductExperiments:115] - Finished experiment #1 with key values {openmlid=61, seed=1, algorithm=auto-weka}. Memory statistics: 124MB allocated, 80MB free. Now running GC.
(2021-02-25 00:54:00,636) INFO  [main] [runner.randomlyConductExperiments:117] - GC finished. Memory statistics: 64MB allocated, 46MB free.
(2021-02-25 00:54:00,636) INFO  [main] [runner.randomlyConductExperiments:120] - Successfully finished 1 experiments.
(2021-02-25 00:54:00,636) INFO  [main] [experimenter.main:330] - Elapsed time: 0/1200. Conducting next experiment. Currently used memory is 4049.9363327026367MB. Free memory is 46.06366729736328MB.
(2021-02-25 00:54:00,637) INFO  [main] [runner.randomlyConductExperiments:77] - Starting to run up to 1 experiments.
(2021-02-25 00:54:00,637) INFO  [main] [adapter.getResultsOfQuery:290] - Conducting query SELECT * FROM (SELECT `experiment_id`, `memory_max`, `cpus`, openmlid, seed, algorithm FROM  `icml2021` WHERE time_started IS NULL LIMIT 100) as t ORDER BY RAND() LIMIT 1 with values []
(2021-02-25 00:54:00,638) INFO  [main] [runner.randomlyConductExperiments:84] - No more open experiments found.
(2021-02-25 00:54:00,639) INFO  [main] [runner.randomlyConductExperiments:120] - Successfully finished 0 experiments.
(2021-02-25 00:54:00,639) INFO  [main] [experimenter.main:335] - Finishing, no more experiments!
