(2021-02-24 22:16:17,622) ERROR [Thread of experiment id 1] [runner.conductExperiment:233] - Experiment failed due to java.lang.RuntimeException. Message: Failed to prepare the experiment. Detail info: 
	Error class: java.lang.RuntimeException
	Error message: Failed to prepare the experiment
	Error trace:
		autoweka.smac.SMACExperimentConstructor.prepareExperiment(SMACExperimentConstructor.java:46)
		autoweka.ExperimentConstructor.run(ExperimentConstructor.java:238)
		autoweka.ExperimentConstructor.buildSingle(ExperimentConstructor.java:158)
		weka.classifiers.meta.AutoWEKAClassifier.buildClassifier(AutoWEKAClassifier.java:336)
		naiveautoml.experiments.NaiveAutoMLExperimentRunner.evaluate(NaiveAutoMLExperimentRunner.java:210)
		ai.libs.jaicore.experiments.ExperimentRunner.conductExperiment(ExperimentRunner.java:217)
		ai.libs.jaicore.experiments.ExperimentRunner.lambda$randomlyConductExperiments$0(ExperimentRunner.java:104)
		java.base/java.lang.Thread.run(Thread.java:834)
	Caused by java.lang.RuntimeException with message Couldn't find any attribute eval methods. Stack trace of the cause:
		autoweka.ExperimentConstructor.generateAlgorithmParameterConditionalGroupForDAG(ExperimentConstructor.java:390)
		autoweka.smac.SMACExperimentConstructor.printParamFile(SMACExperimentConstructor.java:258)
		autoweka.smac.SMACExperimentConstructor.prepareExperiment(SMACExperimentConstructor.java:31)
		autoweka.ExperimentConstructor.run(ExperimentConstructor.java:238)
		autoweka.ExperimentConstructor.buildSingle(ExperimentConstructor.java:158)
		weka.classifiers.meta.AutoWEKAClassifier.buildClassifier(AutoWEKAClassifier.java:336)
		naiveautoml.experiments.NaiveAutoMLExperimentRunner.evaluate(NaiveAutoMLExperimentRunner.java:210)
		ai.libs.jaicore.experiments.ExperimentRunner.conductExperiment(ExperimentRunner.java:217)
		ai.libs.jaicore.experiments.ExperimentRunner.lambda$randomlyConductExperiments$0(ExperimentRunner.java:104)
		java.base/java.lang.Thread.run(Thread.java:834)
(2021-02-24 22:26:31,089) ERROR [Thread of experiment id 1] [runner.conductExperiment:233] - Experiment failed due to java.lang.RuntimeException. Message: Failed to prepare the experiment. Detail info: 
	Error class: java.lang.RuntimeException
	Error message: Failed to prepare the experiment
	Error trace:
		autoweka.smac.SMACExperimentConstructor.prepareExperiment(SMACExperimentConstructor.java:46)
		autoweka.ExperimentConstructor.run(ExperimentConstructor.java:238)
		autoweka.ExperimentConstructor.buildSingle(ExperimentConstructor.java:158)
		weka.classifiers.meta.AutoWEKAClassifier.buildClassifier(AutoWEKAClassifier.java:336)
		naiveautoml.experiments.NaiveAutoMLExperimentRunner.evaluate(NaiveAutoMLExperimentRunner.java:210)
		ai.libs.jaicore.experiments.ExperimentRunner.conductExperiment(ExperimentRunner.java:217)
		ai.libs.jaicore.experiments.ExperimentRunner.lambda$randomlyConductExperiments$0(ExperimentRunner.java:104)
		java.base/java.lang.Thread.run(Thread.java:834)
	Caused by java.lang.RuntimeException with message Couldn't find any attribute eval methods. Stack trace of the cause:
		autoweka.ExperimentConstructor.generateAlgorithmParameterConditionalGroupForDAG(ExperimentConstructor.java:390)
		autoweka.smac.SMACExperimentConstructor.printParamFile(SMACExperimentConstructor.java:258)
		autoweka.smac.SMACExperimentConstructor.prepareExperiment(SMACExperimentConstructor.java:31)
		autoweka.ExperimentConstructor.run(ExperimentConstructor.java:238)
		autoweka.ExperimentConstructor.buildSingle(ExperimentConstructor.java:158)
		weka.classifiers.meta.AutoWEKAClassifier.buildClassifier(AutoWEKAClassifier.java:336)
		naiveautoml.experiments.NaiveAutoMLExperimentRunner.evaluate(NaiveAutoMLExperimentRunner.java:210)
		ai.libs.jaicore.experiments.ExperimentRunner.conductExperiment(ExperimentRunner.java:217)
		ai.libs.jaicore.experiments.ExperimentRunner.lambda$randomlyConductExperiments$0(ExperimentRunner.java:104)
		java.base/java.lang.Thread.run(Thread.java:834)
(2021-02-24 22:42:54,970) ERROR [Thread of experiment id 1] [runner.conductExperiment:233] - Experiment failed due to java.lang.RuntimeException. Message: Failed to prepare the experiment. Detail info: 
	Error class: java.lang.RuntimeException
	Error message: Failed to prepare the experiment
	Error trace:
		autoweka.smac.SMACExperimentConstructor.prepareExperiment(SMACExperimentConstructor.java:46)
		autoweka.ExperimentConstructor.run(ExperimentConstructor.java:238)
		autoweka.ExperimentConstructor.buildSingle(ExperimentConstructor.java:158)
		weka.classifiers.meta.AutoWEKAClassifier.buildClassifier(AutoWEKAClassifier.java:336)
		naiveautoml.AutoWEKAClassifierWrapper.buildClassifier(AutoWEKAClassifierWrapper.java:44)
		naiveautoml.experiments.NaiveAutoMLExperimentRunner.evaluate(NaiveAutoMLExperimentRunner.java:210)
		ai.libs.jaicore.experiments.ExperimentRunner.conductExperiment(ExperimentRunner.java:217)
		ai.libs.jaicore.experiments.ExperimentRunner.lambda$randomlyConductExperiments$0(ExperimentRunner.java:104)
		java.base/java.lang.Thread.run(Thread.java:834)
	Caused by java.lang.RuntimeException with message Couldn't find any attribute eval methods. Stack trace of the cause:
		autoweka.ExperimentConstructor.generateAlgorithmParameterConditionalGroupForDAG(ExperimentConstructor.java:390)
		autoweka.smac.SMACExperimentConstructor.printParamFile(SMACExperimentConstructor.java:258)
		autoweka.smac.SMACExperimentConstructor.prepareExperiment(SMACExperimentConstructor.java:31)
		autoweka.ExperimentConstructor.run(ExperimentConstructor.java:238)
		autoweka.ExperimentConstructor.buildSingle(ExperimentConstructor.java:158)
		weka.classifiers.meta.AutoWEKAClassifier.buildClassifier(AutoWEKAClassifier.java:336)
		naiveautoml.AutoWEKAClassifierWrapper.buildClassifier(AutoWEKAClassifierWrapper.java:44)
		naiveautoml.experiments.NaiveAutoMLExperimentRunner.evaluate(NaiveAutoMLExperimentRunner.java:210)
		ai.libs.jaicore.experiments.ExperimentRunner.conductExperiment(ExperimentRunner.java:217)
		ai.libs.jaicore.experiments.ExperimentRunner.lambda$randomlyConductExperiments$0(ExperimentRunner.java:104)
		java.base/java.lang.Thread.run(Thread.java:834)
(2021-02-24 22:43:26,596) ERROR [Thread of experiment id 1] [runner.conductExperiment:233] - Experiment failed due to java.lang.RuntimeException. Message: Failed to prepare the experiment. Detail info: 
	Error class: java.lang.RuntimeException
	Error message: Failed to prepare the experiment
	Error trace:
		autoweka.smac.SMACExperimentConstructor.prepareExperiment(SMACExperimentConstructor.java:46)
		autoweka.ExperimentConstructor.run(ExperimentConstructor.java:238)
		autoweka.ExperimentConstructor.buildSingle(ExperimentConstructor.java:158)
		weka.classifiers.meta.AutoWEKAClassifier.buildClassifier(AutoWEKAClassifier.java:336)
		naiveautoml.AutoWEKAClassifierWrapper.buildClassifier(AutoWEKAClassifierWrapper.java:44)
		naiveautoml.experiments.NaiveAutoMLExperimentRunner.evaluate(NaiveAutoMLExperimentRunner.java:210)
		ai.libs.jaicore.experiments.ExperimentRunner.conductExperiment(ExperimentRunner.java:217)
		ai.libs.jaicore.experiments.ExperimentRunner.lambda$randomlyConductExperiments$0(ExperimentRunner.java:104)
		java.base/java.lang.Thread.run(Thread.java:834)
	Caused by java.lang.RuntimeException with message Couldn't find any attribute eval methods. Stack trace of the cause:
		autoweka.ExperimentConstructor.generateAlgorithmParameterConditionalGroupForDAG(ExperimentConstructor.java:390)
		autoweka.smac.SMACExperimentConstructor.printParamFile(SMACExperimentConstructor.java:258)
		autoweka.smac.SMACExperimentConstructor.prepareExperiment(SMACExperimentConstructor.java:31)
		autoweka.ExperimentConstructor.run(ExperimentConstructor.java:238)
		autoweka.ExperimentConstructor.buildSingle(ExperimentConstructor.java:158)
		weka.classifiers.meta.AutoWEKAClassifier.buildClassifier(AutoWEKAClassifier.java:336)
		naiveautoml.AutoWEKAClassifierWrapper.buildClassifier(AutoWEKAClassifierWrapper.java:44)
		naiveautoml.experiments.NaiveAutoMLExperimentRunner.evaluate(NaiveAutoMLExperimentRunner.java:210)
		ai.libs.jaicore.experiments.ExperimentRunner.conductExperiment(ExperimentRunner.java:217)
		ai.libs.jaicore.experiments.ExperimentRunner.lambda$randomlyConductExperiments$0(ExperimentRunner.java:104)
		java.base/java.lang.Thread.run(Thread.java:834)
(2021-02-25 00:54:00,610) ERROR [Thread of experiment id 1] [runner.conductExperiment:233] - Experiment failed due to java.lang.RuntimeException. Message: Failed to prepare the experiment. Detail info: 
	Error class: java.lang.RuntimeException
	Error message: Failed to prepare the experiment
	Error trace:
		autoweka.smac.SMACExperimentConstructor.prepareExperiment(SMACExperimentConstructor.java:46)
		autoweka.ExperimentConstructor.run(ExperimentConstructor.java:238)
		autoweka.ExperimentConstructor.buildSingle(ExperimentConstructor.java:158)
		weka.classifiers.meta.AutoWEKAClassifier.buildClassifier(AutoWEKAClassifier.java:336)
		naiveautoml.autoweka.AutoWEKAClassifierWrapper.buildClassifier(AutoWEKAClassifierWrapper.java:45)
		naiveautoml.experiments.NaiveAutoMLExperimentRunner.evaluate(NaiveAutoMLExperimentRunner.java:210)
		ai.libs.jaicore.experiments.ExperimentRunner.conductExperiment(ExperimentRunner.java:217)
		ai.libs.jaicore.experiments.ExperimentRunner.lambda$randomlyConductExperiments$0(ExperimentRunner.java:104)
		java.base/java.lang.Thread.run(Thread.java:834)
	Caused by java.lang.RuntimeException with message Couldn't find any attribute eval methods. Stack trace of the cause:
		autoweka.ExperimentConstructor.generateAlgorithmParameterConditionalGroupForDAG(ExperimentConstructor.java:390)
		autoweka.smac.SMACExperimentConstructor.printParamFile(SMACExperimentConstructor.java:258)
		autoweka.smac.SMACExperimentConstructor.prepareExperiment(SMACExperimentConstructor.java:31)
		autoweka.ExperimentConstructor.run(ExperimentConstructor.java:238)
		autoweka.ExperimentConstructor.buildSingle(ExperimentConstructor.java:158)
		weka.classifiers.meta.AutoWEKAClassifier.buildClassifier(AutoWEKAClassifier.java:336)
		naiveautoml.autoweka.AutoWEKAClassifierWrapper.buildClassifier(AutoWEKAClassifierWrapper.java:45)
		naiveautoml.experiments.NaiveAutoMLExperimentRunner.evaluate(NaiveAutoMLExperimentRunner.java:210)
		ai.libs.jaicore.experiments.ExperimentRunner.conductExperiment(ExperimentRunner.java:217)
		ai.libs.jaicore.experiments.ExperimentRunner.lambda$randomlyConductExperiments$0(ExperimentRunner.java:104)
		java.base/java.lang.Thread.run(Thread.java:834)
